A D/GWLib////
A D/acpi-iasl////
A D/addnerd////
A D/adjustkernel////
A D/amanda-dev////
A D/amanda-dev-client////
A D/amanda-dev-common////
A D/amanda-dev-plot////
A D/amanda-dev-server////
A D/aperture////
A D/apotheke////
A D/autoswc////
A D/bacula-client////
A D/bacula-gnome-console////
A D/bsdgrep////
A D/c++rt0////
A D/cdrecord////
A D/cdrecord-current////
A D/cdrecord-devel////
A D/cdrecord-xcdroast////
A D/cdrtools-ossdvd////
A D/cfengine////
A D/cfengine2-doc////
A D/cpuflags////
A D/dfuibe_installer////
A D/dfuife_cgi////
A D/dfuife_curses////
A D/dvdrip////
A D/etcupdate////
A D/fdgw////
A D/fileutils////
A D/fsv////
A D/gkrellm1////
A D/gkx86info////
A D/gmc////
A D/gnome-acme////
A D/gnome-vfs2////
A D/gnome-vfsmm26////
A D/gnome2-system-monitor////
A D/gst-plugins-gnomevfs////
A D/gst-plugins0.8-gnomevfs////
A D/gtop////
A D/hcidump////
A D/kapm////
A D/klavg////
A D/koncd////
A D/libestr////
A D/libgtop2////
A D/libnotify07////
A D/logtime////
A D/medusa////
A D/memtest////
A D/mkhybrid////
A D/mkisofs////
A D/mousetar////
A D/mtree////
A D/nautilus-cd-burner////
A D/p5-File-NCopy////
A D/p5-Ocsinventory-Agent////
A D/patchadd////
A D/php-fileinfo////
A D/pkg////
A D/raidutil////
A D/randread////
A D/rox-archive////
A D/rox-base////
A D/rox-edit////
A D/rox-lib////
A D/rox-memo////
A D/rox-session////
A D/rox-system////
A D/rox-wallpaper////
A D/rox-wrappers////
A D/ruby-gnome2-gnomevfs////
A D/ruby-syslog////
A D/sh-utils////
A D/user////
A D/xen12////
A D/xenconsole////
A D/xenkernel20////
A D/xenkernel30////
A D/xentools12////
A D/xentools20////
A D/xentools30////
A D/xentools30-hvm////
A D/xfce4-fm////
A D/xfce4-fm-icons////
A D/xfce4-minicmd-plugin////
A D/xfce4-showdesktop-plugin////
A D/xfce4-systray////
A D/xraidadmin////
R D/xraidadmin////
R D/xfce4-systray////
R D/xfce4-showdesktop-plugin////
R D/xfce4-minicmd-plugin////
R D/xfce4-fm-icons////
R D/xfce4-fm////
R D/xentools30-hvm////
R D/xentools30////
R D/xentools20////
R D/xentools12////
R D/xenkernel30////
R D/xenkernel20////
R D/xenconsole////
R D/xen12////
R D/user////
R D/sh-utils////
R D/ruby-syslog////
R D/ruby-gnome2-gnomevfs////
R D/rox-wrappers////
R D/rox-wallpaper////
R D/rox-system////
R D/rox-session////
R D/rox-memo////
R D/rox-lib////
R D/rox-edit////
R D/rox-base////
R D/rox-archive////
R D/randread////
R D/raidutil////
R D/pkg////
R D/php-fileinfo////
R D/patchadd////
R D/p5-Ocsinventory-Agent////
R D/p5-File-NCopy////
R D/nautilus-cd-burner////
R D/mtree////
R D/mousetar////
R D/mkisofs////
R D/mkhybrid////
R D/memtest////
R D/medusa////
R D/logtime////
R D/libnotify07////
R D/libgtop2////
R D/libestr////
R D/koncd////
R D/klavg////
R D/kapm////
R D/hcidump////
R D/gtop////
R D/gst-plugins0.8-gnomevfs////
R D/gst-plugins-gnomevfs////
R D/gnome2-system-monitor////
R D/gnome-vfsmm26////
R D/gnome-vfs2////
R D/gnome-acme////
R D/gmc////
R D/gkx86info////
R D/gkrellm1////
R D/fsv////
R D/fileutils////
R D/fdgw////
R D/etcupdate////
R D/dvdrip////
R D/dfuife_curses////
R D/dfuife_cgi////
R D/dfuibe_installer////
R D/cpuflags////
R D/cfengine2-doc////
R D/cfengine////
R D/cdrtools-ossdvd////
R D/cdrecord-xcdroast////
R D/cdrecord-devel////
R D/cdrecord-current////
R D/cdrecord////
R D/c++rt0////
R D/bsdgrep////
R D/bacula-gnome-console////
R D/bacula-client////
R D/autoswc////
R D/apotheke////
R D/aperture////
R D/amanda-dev-server////
R D/amanda-dev-plot////
R D/amanda-dev-common////
R D/amanda-dev-client////
R D/amanda-dev////
R D/adjustkernel////
R D/addnerd////
R D/acpi-iasl////
R D/GWLib////
