A D/Teg-mixedcase////
A D/backgammon////
A D/baduki////
A D/blobwars////
A D/bomberclone-data////
A D/clanbomber////
A D/copter-commander////
A D/crafty-book-enormous////
A D/crafty-book-large////
A D/crossfire////
A D/crossfire-cli////
A D/crossfire-maps////
A D/crossfire-srv////
A D/cube////
A D/fillets-ng-data-cs////
A D/flightgear-base////
A D/freeciv////
A D/freeciv-client-gtk////
A D/freeciv-client-gtk2////
A D/freeciv-sounds////
A D/freedom////
A D/glchess////
A D/gnocatan////
A D/gnome-breakout////
A D/gnome-chess////
A D/gnome2-games////
A D/gnuchess-book-chess////
A D/gnuchess-book-small////
A D/gtkgo////
A D/iso-pernangband////
A D/kdegames////
A D/kdegames2////
A D/kdegames4////
A D/kdetoys////
A D/kdetoys2////
A D/kdetoys4////
A D/kulki////
A D/maelstrom////
A D/marbles////
A D/pacman////
A D/pkg////
A D/pokerth////
A D/py-pygame////
A D/pysol////
A D/raw////
A D/rocksndiamonds-sdl////
A D/starfighter////
A D/stella-sdl////
A D/ularn////
A D/ultima4-data////
A D/wormux////
A D/xephem////
R D/xephem////
R D/wormux////
R D/ultima4-data////
R D/ularn////
R D/stella-sdl////
R D/starfighter////
R D/rocksndiamonds-sdl////
R D/raw////
R D/pysol////
R D/py-pygame////
R D/pokerth////
R D/pkg////
R D/pacman////
R D/marbles////
R D/maelstrom////
R D/kulki////
R D/kdetoys4////
R D/kdetoys2////
R D/kdetoys////
R D/kdegames4////
R D/kdegames2////
R D/kdegames////
R D/iso-pernangband////
R D/gtkgo////
R D/gnuchess-book-small////
R D/gnuchess-book-chess////
R D/gnome2-games////
R D/gnome-chess////
R D/gnome-breakout////
R D/gnocatan////
R D/glchess////
R D/freedom////
R D/freeciv-sounds////
R D/freeciv-client-gtk2////
R D/freeciv-client-gtk////
R D/freeciv////
R D/flightgear-base////
R D/fillets-ng-data-cs////
R D/cube////
R D/crossfire-srv////
R D/crossfire-maps////
R D/crossfire-cli////
R D/crossfire////
R D/crafty-book-large////
R D/crafty-book-enormous////
R D/copter-commander////
R D/clanbomber////
R D/bomberclone-data////
R D/blobwars////
R D/baduki////
R D/backgammon////
R D/Teg-mixedcase////
