A D/3DKit////
A D/CompuPic////
A D/GLXKit////
A D/GeometryKit////
A D/GlutKit////
A D/Mesa-glx////
A D/Pillow////
A D/RenderKit////
A D/SDL-image////
A D/SDLKit////
A D/aalib-x11////
A D/alevt////
A D/apla////
A D/avi-xmms////
A D/avidemux////
A D/aview-x11////
A D/avifile////
A D/avifile-devel////
A D/clanlib////
A D/clutter-cairo////
A D/clutter-qt////
A D/clutter08////
A D/clutter08-gtk////
A D/digikam-doc////
A D/digikamimageplugins////
A D/digikamplugins////
A D/divx4linux////
A D/divxplayer////
A D/dumpmpeg////
A D/dvdbackup////
A D/dvdview////
A D/ee////
A D/eog2////
A D/evas-sdl////
A D/evas-sdl-16////
A D/evas-software-16-x11////
A D/evas-xrender-x11////
A D/exiftool////
A D/ffmpeg////
A D/filmgimp////
A D/flashplayer////
A D/fotox////
A D/fxtv////
A D/g3d////
A D/gdk-pixbuf-gnome////
A D/gimageview////
A D/gimp-base////
A D/gimp-current////
A D/gimp-data////
A D/gimp-docs////
A D/gimp-helpbrowser////
A D/gimp-wideangle////
A D/gimp1////
A D/gimp1-base////
A D/gimp1-data////
A D/gimp1-wideangle////
A D/gimp24////
A D/gimp26////
A D/gmencoder////
A D/gmplayer////
A D/gnome-iconedit////
A D/gnome-pixmaps////
A D/gnome2-pixmaps////
A D/gnuplot-nox11////
A D/gpaint////
A D/gphoto////
A D/gqview-gtk1////
A D/gst-plugins-opengl////
A D/gst-plugins-png////
A D/gst-plugins0.8-opengl////
A D/gst-plugins0.8-png////
A D/guppi////
A D/gwenview-i18n////
A D/gxine////
A D/kdegraphics////
A D/kdegraphics2////
A D/kdegraphics4////
A D/kimdaba////
A D/kipi-plugins-calendar////
A D/kmplayer////
A D/libart2////
A D/libdvbpsi////
A D/libflash////
A D/libgdgeda////
A D/libgnomecanvasmm20////
A D/libgnomecanvasmm26////
A D/libmpeg2////
A D/libpixman////
A D/librsvg2////
A D/librsvg2-gtk2////
A D/libungif////
A D/mayavi////
A D/mencoder////
A D/mgls////
A D/ming////
A D/mjpegtools////
A D/moz-bin-flash////
A D/moz-flash////
A D/moz-mplayer////
A D/mpeg-lib////
A D/mpeg_encode////
A D/mpeg_play////
A D/mplayer////
A D/mplayer-share////
A D/mplex////
A D/mtv////
A D/ns-flash////
A D/nvtv-gtk2////
A D/ogle////
A D/ogle_gui////
A D/ogmtools////
A D/openexr-exrdisplay////
A D/openptc////
A D/openquicktime////
A D/ov519view////
A D/p5-GDGraph3d////
A D/p5-Gdk-Imlib////
A D/p5-Gdk-Pixbuf////
A D/p5-Gnome////
A D/php3-gd////
A D/php4-exif////
A D/php4-gd////
A D/phpsview////
A D/pixieplus////
A D/pkg////
A D/plasma////
A D/plotutils-nox11////
A D/plplot////
A D/png12////
A D/pornview////
A D/pornview-gtk2////
A D/ppmtoxvpic////
A D/py-clutter////
A D/py-clutter-gtk////
A D/py-gd////
A D/py-gimp////
A D/py-pyclutter////
A D/py-pydot////
A D/py-pyfits////
A D/qcamview////
A D/rcairo////
A D/realplayer-codecs////
A D/ruby-clutter////
A D/ruby-clutter-cairo////
A D/ruby-clutter-core////
A D/ruby-clutter-gtk////
A D/ruby-gl////
A D/ruby-gnome2-gnomecanvas////
A D/ruby-gnome2-goocanvas////
A D/ruby-gnome2-gtkglext////
A D/ruby-gnome2-libart////
A D/sane////
A D/shotwell-gtk3////
A D/sketch////
A D/smpeg-xmms////
A D/snx101view////
A D/sodipodi////
A D/sq905view////
A D/swfdec////
A D/swfdec-gtk2////
A D/tcm////
A D/transcode////
A D/uniconvertor////
A D/vtk-python////
A D/water////
A D/win32-codecs////
A D/xanim////
A D/xawtv////
A D/xfce4-artwork////
A D/xfce4-iconbox////
A D/xine-lib////
A D/xine-ui////
A D/xmbdfed////
A D/xmountains////
A D/xpdf////
A D/xpdf-crypto////
A D/xpm////
A D/xvidcore////
A D/yplot////
R D/yplot////
R D/xvidcore////
R D/xpm////
R D/xpdf-crypto////
R D/xpdf////
R D/xmountains////
R D/xmbdfed////
R D/xine-ui////
R D/xine-lib////
R D/xfce4-iconbox////
R D/xfce4-artwork////
R D/xawtv////
R D/xanim////
R D/win32-codecs////
R D/water////
R D/vtk-python////
R D/uniconvertor////
R D/transcode////
R D/tcm////
R D/swfdec-gtk2////
R D/swfdec////
R D/sq905view////
R D/sodipodi////
R D/snx101view////
R D/smpeg-xmms////
R D/sketch////
R D/shotwell-gtk3////
R D/sane////
R D/ruby-gnome2-libart////
R D/ruby-gnome2-gtkglext////
R D/ruby-gnome2-goocanvas////
R D/ruby-gnome2-gnomecanvas////
R D/ruby-gl////
R D/ruby-clutter-gtk////
R D/ruby-clutter-core////
R D/ruby-clutter-cairo////
R D/ruby-clutter////
R D/realplayer-codecs////
R D/rcairo////
R D/qcamview////
R D/py-pyfits////
R D/py-pydot////
R D/py-pyclutter////
R D/py-gimp////
R D/py-gd////
R D/py-clutter-gtk////
R D/py-clutter////
R D/ppmtoxvpic////
R D/pornview-gtk2////
R D/pornview////
R D/png12////
R D/plplot////
R D/plotutils-nox11////
R D/plasma////
R D/pkg////
R D/pixieplus////
R D/phpsview////
R D/php4-gd////
R D/php4-exif////
R D/php3-gd////
R D/p5-Gnome////
R D/p5-Gdk-Pixbuf////
R D/p5-Gdk-Imlib////
R D/p5-GDGraph3d////
R D/ov519view////
R D/openquicktime////
R D/openptc////
R D/openexr-exrdisplay////
R D/ogmtools////
R D/ogle_gui////
R D/ogle////
R D/nvtv-gtk2////
R D/ns-flash////
R D/mtv////
R D/mplex////
R D/mplayer-share////
R D/mplayer////
R D/mpeg_play////
R D/mpeg_encode////
R D/mpeg-lib////
R D/moz-mplayer////
R D/moz-flash////
R D/moz-bin-flash////
R D/mjpegtools////
R D/ming////
R D/mgls////
R D/mencoder////
R D/mayavi////
R D/libungif////
R D/librsvg2-gtk2////
R D/librsvg2////
R D/libpixman////
R D/libmpeg2////
R D/libgnomecanvasmm26////
R D/libgnomecanvasmm20////
R D/libgdgeda////
R D/libflash////
R D/libdvbpsi////
R D/libart2////
R D/kmplayer////
R D/kipi-plugins-calendar////
R D/kimdaba////
R D/kdegraphics4////
R D/kdegraphics2////
R D/kdegraphics////
R D/gxine////
R D/gwenview-i18n////
R D/guppi////
R D/gst-plugins0.8-png////
R D/gst-plugins0.8-opengl////
R D/gst-plugins-png////
R D/gst-plugins-opengl////
R D/gqview-gtk1////
R D/gphoto////
R D/gpaint////
R D/gnuplot-nox11////
R D/gnome2-pixmaps////
R D/gnome-pixmaps////
R D/gnome-iconedit////
R D/gmplayer////
R D/gmencoder////
R D/gimp26////
R D/gimp24////
R D/gimp1-wideangle////
R D/gimp1-data////
R D/gimp1-base////
R D/gimp1////
R D/gimp-wideangle////
R D/gimp-helpbrowser////
R D/gimp-docs////
R D/gimp-data////
R D/gimp-current////
R D/gimp-base////
R D/gimageview////
R D/gdk-pixbuf-gnome////
R D/g3d////
R D/fxtv////
R D/fotox////
R D/flashplayer////
R D/filmgimp////
R D/ffmpeg////
R D/exiftool////
R D/evas-xrender-x11////
R D/evas-software-16-x11////
R D/evas-sdl-16////
R D/evas-sdl////
R D/eog2////
R D/ee////
R D/dvdview////
R D/dvdbackup////
R D/dumpmpeg////
R D/divxplayer////
R D/divx4linux////
R D/digikamplugins////
R D/digikamimageplugins////
R D/digikam-doc////
R D/clutter08-gtk////
R D/clutter08////
R D/clutter-qt////
R D/clutter-cairo////
R D/clanlib////
R D/avifile-devel////
R D/avifile////
R D/aview-x11////
R D/avidemux////
R D/avi-xmms////
R D/apla////
R D/alevt////
R D/aalib-x11////
R D/SDLKit////
R D/SDL-image////
R D/RenderKit////
R D/Pillow////
R D/Mesa-glx////
R D/GlutKit////
R D/GeometryKit////
R D/GLXKit////
R D/CompuPic////
R D/3DKit////
