A D/gnuradio-audio-jack////
A D/gnuradio-audio-oss////
A D/gnuradio-audio-portaudio////
A D/gnuradio-core-docs////
A D/gnuradio-default////
A D/gnuradio-examples////
A D/gnuradio-gsm////
A D/gnuradio-howto////
A D/gnuradio-radio-astronomy////
A D/gnuradio-usrp////
A D/pkg////
A D/usrp////
A D/usrp-docs////
R D/usrp-docs////
R D/usrp////
R D/pkg////
R D/gnuradio-usrp////
R D/gnuradio-radio-astronomy////
R D/gnuradio-howto////
R D/gnuradio-gsm////
R D/gnuradio-examples////
R D/gnuradio-default////
R D/gnuradio-core-docs////
R D/gnuradio-audio-portaudio////
R D/gnuradio-audio-oss////
R D/gnuradio-audio-jack////
