A D/Terminal////
A D/XF86Setup////
A D/XFree86-clients////
A D/XFree86-imake////
A D/XFree86-libs////
A D/XFree86-server////
A D/Xcomposite////
A D/Xrandr-mixedcase////
A D/acidlaunch////
A D/afterstep////
A D/afterstep-current////
A D/amiwm////
A D/applewmproto////
A D/asclock////
A D/asclock-gtk////
A D/asclock-xlib////
A D/ascp////
A D/awesome////
A D/blackbox////
A D/bwidget////
A D/catclock////
A D/clearlooks-metacity////
A D/compositeext////
A D/control-center////
A D/controlcenter////
A D/crxvt////
A D/ctwm////
A D/dclock////
A D/dfm////
A D/ebuilder////
A D/econf////
A D/egtk////
A D/emiclock////
A D/ethemes////
A D/fixesext////
A D/flwm////
A D/fvwm1////
A D/fvwm2////
A D/fvwm95////
A D/gdkxft////
A D/gdm1////
A D/glclock////
A D/gnome////
A D/gnome--////
A D/gnome-core////
A D/gnome-gkrellm////
A D/gnome-libs////
A D/gnome-python////
A D/gnome-themes-extra////
A D/gnome-users-guide////
A D/gnome1-panel////
A D/gnome1-session////
A D/gnome2-applets////
A D/gnome2-control-center////
A D/gnome2-terminal////
A D/gtk--////
A D/gtk-engines////
A D/gtk-thinice-engine////
A D/gtk10////
A D/gtk2-engines-clearlooks////
A D/gtk2-engines-industrial////
A D/gtk2-sharp////
A D/gtkmm24////
A D/gtksourceview-sharp////
A D/gtoolkit////
A D/icewm////
A D/icewm-gnome////
A D/imake////
A D/intlfonts////
A D/ion-dock////
A D/jisx0208fonts////
A D/jisx0212fonts////
A D/jisx0213fonts////
A D/jmk-fonts////
A D/kde////
A D/kde2////
A D/kde3////
A D/kde3-i18n-hsb////
A D/kde3-i18n-mt////
A D/kde3-i18n-nso////
A D/kde3-i18n-th////
A D/kde3-i18n-ven////
A D/kde3-i18n-xh////
A D/kde3-i18n-zu////
A D/kde4-l10n-id////
A D/kde4-l10n-si////
A D/kde4-l10n-tg////
A D/kde4-l10n-th////
A D/kde4-l10n-vi////
A D/kdebase////
A D/kdebase-runtime4////
A D/kdebase-workspace4////
A D/kdebase2////
A D/kdebase4////
A D/kdebindings4-python////
A D/kdelibdocs////
A D/kdelibdocs2////
A D/kdelibs////
A D/kdelibs-experimental4////
A D/kdelibs2////
A D/khostchooser////
A D/korganizer////
A D/kworldwatch////
A D/lablgtk////
A D/lablgtk2////
A D/lbxproxy////
A D/lesstif-current////
A D/lesstif12////
A D/libAppleWM////
A D/libXvMCW////
A D/libexo////
A D/liblbxutil////
A D/libxbui////
A D/libxfce4mcs////
A D/libzvt////
A D/llnlxdir////
A D/lwm////
A D/multi-gnome-terminal////
A D/nucleo////
A D/oclock////
A D/olvwm////
A D/openmotif////
A D/p5-Gtk2-GladeXML////
A D/p5-gtk////
A D/pkg////
A D/plan////
A D/polclock////
A D/py-gtk////
A D/py-qt2////
A D/py-qt2-sip////
A D/py-qt3-base////
A D/py-qt3-modules////
A D/py-qt3-qscintilla////
A D/py-qt3-sip////
A D/py-wxWindows////
A D/py-xlib////
A D/pygtk////
A D/qgtkstyle////
A D/qt////
A D/qt1////
A D/qt2////
A D/qt2-designer////
A D/qt2-designer-kde////
A D/qt2-docs////
A D/qt2-examples////
A D/qt2-libs////
A D/qt21////
A D/qt3-psql////
A D/qt4-psql////
A D/qtarch////
A D/qwspritefield////
A D/qwt5-qt4////
A D/randrext////
A D/rclock////
A D/render////
A D/renderext////
A D/rep-gtk////
A D/ruby-Tk-mixedcase////
A D/ruby-fox////
A D/ruby-gnome2-gnome////
A D/ruby-gnome2-gtksourceview////
A D/ruby-gnome2-panelapplet////
A D/ruby-gtk////
A D/ruby-tcltklib////
A D/ruby14-tk////
A D/ruby16-tcltklib////
A D/ruby16-tk////
A D/sawfish////
A D/sawfish-replibs////
A D/scwm////
A D/sunclock////
A D/swing////
A D/swisswatch////
A D/titrax////
A D/tix////
A D/tk80////
A D/tk83////
A D/tkcron////
A D/tkicb////
A D/tkirc////
A D/tkman////
A D/transset-df////
A D/ttmkfdir////
A D/tvtwm////
A D/type1inst////
A D/uwm////
A D/windowmaker////
A D/wm-themes////
A D/wm2////
A D/wmakerconf////
A D/wmcalclock////
A D/wmessage////
A D/wmextra////
A D/wmfishtime////
A D/wmmoonclock////
A D/wmthemes////
A D/wmtime////
A D/wmx////
A D/wmzcalock////
A D/wx1Motif////
A D/wxGTK////
A D/wxGTK-contrib////
A D/xbattbar////
A D/xbeats////
A D/xbindkeys-config////
A D/xbproto////
A D/xcal////
A D/xclock////
A D/xdaliclock////
A D/xextensions////
A D/xf86-video-cyrix////
A D/xf86-video-i810////
A D/xf86-video-imstt////
A D/xf86-video-nsc////
A D/xf86-video-nvxbox////
A D/xf86-video-radeonhd////
A D/xf86-video-vga////
A D/xf86-video-via////
A D/xfce////
A D/xfce3////
A D/xfce4-gtk2-engines////
A D/xfce4-mcs-manager////
A D/xfce4-mcs-plugins////
A D/xfce4-menueditor////
A D/xfce4-taskbar-plugin////
A D/xfce4-themes////
A D/xfce4-toys////
A D/xfce4-trigger-launcher////
A D/xfce4-windowlist-plugin////
A D/xfinans////
A D/xine-xcb////
A D/xinvest////
A D/xmeter////
A D/xorg-clients////
A D/xorg-imake////
A D/xorg-libs////
A D/xorg-server////
A D/xpaint////
A D/xpkgwedge////
A D/xplot////
A D/xquote////
A D/xrolodex////
A D/xscreensaver-gnome////
A D/xsetmode////
A D/xsetpointer////
A D/xtimer////
R D/xtimer////
R D/xsetpointer////
R D/xsetmode////
R D/xscreensaver-gnome////
R D/xrolodex////
R D/xquote////
R D/xplot////
R D/xpkgwedge////
R D/xpaint////
R D/xorg-server////
R D/xorg-libs////
R D/xorg-imake////
R D/xorg-clients////
R D/xmeter////
R D/xinvest////
R D/xine-xcb////
R D/xfinans////
R D/xfce4-windowlist-plugin////
R D/xfce4-trigger-launcher////
R D/xfce4-toys////
R D/xfce4-themes////
R D/xfce4-taskbar-plugin////
R D/xfce4-menueditor////
R D/xfce4-mcs-plugins////
R D/xfce4-mcs-manager////
R D/xfce4-gtk2-engines////
R D/xfce3////
R D/xfce////
R D/xf86-video-via////
R D/xf86-video-vga////
R D/xf86-video-radeonhd////
R D/xf86-video-nvxbox////
R D/xf86-video-nsc////
R D/xf86-video-imstt////
R D/xf86-video-i810////
R D/xf86-video-cyrix////
R D/xextensions////
R D/xdaliclock////
R D/xclock////
R D/xcal////
R D/xbproto////
R D/xbindkeys-config////
R D/xbeats////
R D/xbattbar////
R D/wxGTK-contrib////
R D/wxGTK////
R D/wx1Motif////
R D/wmzcalock////
R D/wmx////
R D/wmtime////
R D/wmthemes////
R D/wmmoonclock////
R D/wmfishtime////
R D/wmextra////
R D/wmessage////
R D/wmcalclock////
R D/wmakerconf////
R D/wm2////
R D/wm-themes////
R D/windowmaker////
R D/uwm////
R D/type1inst////
R D/tvtwm////
R D/ttmkfdir////
R D/transset-df////
R D/tkman////
R D/tkirc////
R D/tkicb////
R D/tkcron////
R D/tk83////
R D/tk80////
R D/tix////
R D/titrax////
R D/swisswatch////
R D/swing////
R D/sunclock////
R D/scwm////
R D/sawfish-replibs////
R D/sawfish////
R D/ruby16-tk////
R D/ruby16-tcltklib////
R D/ruby14-tk////
R D/ruby-tcltklib////
R D/ruby-gtk////
R D/ruby-gnome2-panelapplet////
R D/ruby-gnome2-gtksourceview////
R D/ruby-gnome2-gnome////
R D/ruby-fox////
R D/ruby-Tk-mixedcase////
R D/rep-gtk////
R D/renderext////
R D/render////
R D/rclock////
R D/randrext////
R D/qwt5-qt4////
R D/qwspritefield////
R D/qtarch////
R D/qt4-psql////
R D/qt3-psql////
R D/qt21////
R D/qt2-libs////
R D/qt2-examples////
R D/qt2-docs////
R D/qt2-designer-kde////
R D/qt2-designer////
R D/qt2////
R D/qt1////
R D/qt////
R D/qgtkstyle////
R D/pygtk////
R D/py-xlib////
R D/py-wxWindows////
R D/py-qt3-sip////
R D/py-qt3-qscintilla////
R D/py-qt3-modules////
R D/py-qt3-base////
R D/py-qt2-sip////
R D/py-qt2////
R D/py-gtk////
R D/polclock////
R D/plan////
R D/pkg////
R D/p5-gtk////
R D/p5-Gtk2-GladeXML////
R D/openmotif////
R D/olvwm////
R D/oclock////
R D/nucleo////
R D/multi-gnome-terminal////
R D/lwm////
R D/llnlxdir////
R D/libzvt////
R D/libxfce4mcs////
R D/libxbui////
R D/liblbxutil////
R D/libexo////
R D/libXvMCW////
R D/libAppleWM////
R D/lesstif12////
R D/lesstif-current////
R D/lbxproxy////
R D/lablgtk2////
R D/lablgtk////
R D/kworldwatch////
R D/korganizer////
R D/khostchooser////
R D/kdelibs2////
R D/kdelibs-experimental4////
R D/kdelibs////
R D/kdelibdocs2////
R D/kdelibdocs////
R D/kdebindings4-python////
R D/kdebase4////
R D/kdebase2////
R D/kdebase-workspace4////
R D/kdebase-runtime4////
R D/kdebase////
R D/kde4-l10n-vi////
R D/kde4-l10n-th////
R D/kde4-l10n-tg////
R D/kde4-l10n-si////
R D/kde4-l10n-id////
R D/kde3-i18n-zu////
R D/kde3-i18n-xh////
R D/kde3-i18n-ven////
R D/kde3-i18n-th////
R D/kde3-i18n-nso////
R D/kde3-i18n-mt////
R D/kde3-i18n-hsb////
R D/kde3////
R D/kde2////
R D/kde////
R D/jmk-fonts////
R D/jisx0213fonts////
R D/jisx0212fonts////
R D/jisx0208fonts////
R D/ion-dock////
R D/intlfonts////
R D/imake////
R D/icewm-gnome////
R D/icewm////
R D/gtoolkit////
R D/gtksourceview-sharp////
R D/gtkmm24////
R D/gtk2-sharp////
R D/gtk2-engines-industrial////
R D/gtk2-engines-clearlooks////
R D/gtk10////
R D/gtk-thinice-engine////
R D/gtk-engines////
R D/gtk--////
R D/gnome2-terminal////
R D/gnome2-control-center////
R D/gnome2-applets////
R D/gnome1-session////
R D/gnome1-panel////
R D/gnome-users-guide////
R D/gnome-themes-extra////
R D/gnome-python////
R D/gnome-libs////
R D/gnome-gkrellm////
R D/gnome-core////
R D/gnome--////
R D/gnome////
R D/glclock////
R D/gdm1////
R D/gdkxft////
R D/fvwm95////
R D/fvwm2////
R D/fvwm1////
R D/flwm////
R D/fixesext////
R D/ethemes////
R D/emiclock////
R D/egtk////
R D/econf////
R D/ebuilder////
R D/dfm////
R D/dclock////
R D/ctwm////
R D/crxvt////
R D/controlcenter////
R D/control-center////
R D/compositeext////
R D/clearlooks-metacity////
R D/catclock////
R D/bwidget////
R D/blackbox////
R D/awesome////
R D/ascp////
R D/asclock-xlib////
R D/asclock-gtk////
R D/asclock////
R D/applewmproto////
R D/amiwm////
R D/afterstep-current////
R D/afterstep////
R D/acidlaunch////
R D/Xrandr-mixedcase////
R D/Xcomposite////
R D/XFree86-server////
R D/XFree86-libs////
R D/XFree86-imake////
R D/XFree86-clients////
R D/XF86Setup////
R D/Terminal////
