A D/Symbola-ttf////
A D/XFree86-fonts100dpi////
A D/XFree86-fonts75dpi////
A D/XFree86-fontsCyrillic////
A D/XFree86-fontsEncodings////
A D/XFree86-fontsMisc////
A D/XFree86-fontsScalable////
A D/XFree86-fontserver////
A D/acroread-chsfont////
A D/acroread-chtfont////
A D/acroread-font-share////
A D/acroread-jpnfont////
A D/acroread-korfont////
A D/acroread5-chsfont////
A D/acroread5-chtfont////
A D/acroread5-font-share////
A D/acroread5-jpnfont////
A D/acroread5-korfont////
A D/arphicttf////
A D/biznet-iso8859-2////
A D/cyr-rfx-iso10646-0400////
A D/cyr-rfx-iso8859-15////
A D/cyr-rfx-iso8859-5////
A D/cyr-rfx-koi8-1////
A D/cyr-rfx-windows-1251////
A D/cyr-rfx-winlatin-1////
A D/ec-fonts-mftraced////
A D/inconsolata////
A D/kochi-cidfonts////
A D/kochi-otf////
A D/ksc5601fonts////
A D/latex-ttf-fonts////
A D/mkcfm////
A D/mkttfdir////
A D/pfaedit////
A D/pkg////
A D/tex-bin-metafont////
A D/tex-cmex////
A D/tex-uhc-fonts-base////
A D/tex-uhc-fonts-extra////
A D/tex-unttf////
A D/ttmkfdir////
A D/un-ttf////
A D/urwfonts////
A D/xorg-fonts100dpi////
A D/xorg-fonts75dpi////
A D/xorg-fontsCyrillic////
A D/xorg-fontsEncodings////
A D/xorg-fontsMisc////
A D/xorg-fontsTruetype////
A D/xorg-fontsType1////
A D/xorg-fontserver////
R D/xorg-fontserver////
R D/xorg-fontsType1////
R D/xorg-fontsTruetype////
R D/xorg-fontsMisc////
R D/xorg-fontsEncodings////
R D/xorg-fontsCyrillic////
R D/xorg-fonts75dpi////
R D/xorg-fonts100dpi////
R D/urwfonts////
R D/un-ttf////
R D/ttmkfdir////
R D/tex-unttf////
R D/tex-uhc-fonts-extra////
R D/tex-uhc-fonts-base////
R D/tex-cmex////
R D/tex-bin-metafont////
R D/pkg////
R D/pfaedit////
R D/mkttfdir////
R D/mkcfm////
R D/latex-ttf-fonts////
R D/ksc5601fonts////
R D/kochi-otf////
R D/kochi-cidfonts////
R D/inconsolata////
R D/ec-fonts-mftraced////
R D/cyr-rfx-winlatin-1////
R D/cyr-rfx-windows-1251////
R D/cyr-rfx-koi8-1////
R D/cyr-rfx-iso8859-5////
R D/cyr-rfx-iso8859-15////
R D/cyr-rfx-iso10646-0400////
R D/biznet-iso8859-2////
R D/arphicttf////
R D/acroread5-korfont////
R D/acroread5-jpnfont////
R D/acroread5-font-share////
R D/acroread5-chtfont////
R D/acroread5-chsfont////
R D/acroread-korfont////
R D/acroread-jpnfont////
R D/acroread-font-share////
R D/acroread-chtfont////
R D/acroread-chsfont////
R D/XFree86-fontserver////
R D/XFree86-fontsScalable////
R D/XFree86-fontsMisc////
R D/XFree86-fontsEncodings////
R D/XFree86-fontsCyrillic////
R D/XFree86-fonts75dpi////
R D/XFree86-fonts100dpi////
R D/Symbola-ttf////
