A D/compat11////
A D/compat14-crypto////
A D/doscmd////
A D/emutos////
A D/linux-locale////
A D/linux_SuSE////
A D/linux_lib////
A D/linuxppc_lib////
A D/mips64emul////
A D/netbsd32_compat14////
A D/peace////
A D/pkg////
A D/plex86////
A D/rewind////
A D/sap////
A D/sdlmame////
A D/sdlmess////
A D/ski-bin////
A D/stella-sdl////
A D/suse100_32_gdk-pixbuf////
A D/suse100_32_gtk////
A D/suse100_32_qt3////
A D/suse100_32_vmware////
A D/suse100_gdk-pixbuf////
A D/suse100_gtk////
A D/suse100_qt3////
A D/suse100_vmware////
A D/suse113////
A D/suse113_32_alsa////
A D/suse113_32_aspell////
A D/suse113_32_base////
A D/suse113_32_compat////
A D/suse113_32_expat////
A D/suse113_32_fontconfig////
A D/suse113_32_freetype2////
A D/suse113_32_glx////
A D/suse113_32_gtk2////
A D/suse113_32_krb5////
A D/suse113_32_libcups////
A D/suse113_32_libcurl////
A D/suse113_32_libdrm////
A D/suse113_32_libjpeg////
A D/suse113_32_libpng////
A D/suse113_32_libsigc++2////
A D/suse113_32_libtiff////
A D/suse113_32_libxml2////
A D/suse113_32_locale////
A D/suse113_32_openmotif////
A D/suse113_32_openssl////
A D/suse113_32_qt4////
A D/suse113_32_slang////
A D/suse113_32_vmware////
A D/suse113_32_x11////
A D/suse113_alsa////
A D/suse113_aspell////
A D/suse113_base////
A D/suse113_compat////
A D/suse113_expat////
A D/suse113_fontconfig////
A D/suse113_freetype2////
A D/suse113_glx////
A D/suse113_gtk2////
A D/suse113_krb5////
A D/suse113_libcups////
A D/suse113_libcurl////
A D/suse113_libdrm////
A D/suse113_libjpeg////
A D/suse113_libpng////
A D/suse113_libsigc++2////
A D/suse113_libtiff////
A D/suse113_libxml2////
A D/suse113_linux////
A D/suse113_locale////
A D/suse113_openmotif////
A D/suse113_openssl////
A D/suse113_qt4////
A D/suse113_slang////
A D/suse113_vmware////
A D/suse113_x11////
A D/suse121_libsqlite3////
A D/suse64_audio////
A D/suse64_base////
A D/suse64_compat////
A D/suse64_devel////
A D/suse64_glx////
A D/suse64_gtk////
A D/suse64_libc5////
A D/suse64_libjpeg////
A D/suse64_libpng////
A D/suse64_linux////
A D/suse64_vmware////
A D/suse64_x11////
A D/suse64_xforms////
A D/suse91_32_aspell////
A D/suse91_32_base////
A D/suse91_32_compat////
A D/suse91_32_expat////
A D/suse91_32_fontconfig////
A D/suse91_32_freetype2////
A D/suse91_32_gdk-pixbuf////
A D/suse91_32_glx////
A D/suse91_32_gtk////
A D/suse91_32_gtk2////
A D/suse91_32_libjpeg////
A D/suse91_32_libpng////
A D/suse91_32_libtiff////
A D/suse91_32_locale////
A D/suse91_32_openmotif////
A D/suse91_32_slang////
A D/suse91_32_vmware////
A D/suse91_32_x11////
A D/suse91_aspell////
A D/suse91_base////
A D/suse91_compat////
A D/suse91_expat////
A D/suse91_fontconfig////
A D/suse91_freetype2////
A D/suse91_gdk-pixbuf////
A D/suse91_glx////
A D/suse91_gtk////
A D/suse91_gtk2////
A D/suse91_libjpeg////
A D/suse91_libpng////
A D/suse91_libtiff////
A D/suse91_linux////
A D/suse91_locale////
A D/suse91_openmotif////
A D/suse91_slang////
A D/suse91_vmware////
A D/suse91_x11////
A D/suse_audio////
A D/suse_base////
A D/suse_compat////
A D/suse_devel////
A D/suse_fileutils////
A D/suse_freetype2////
A D/suse_glx////
A D/suse_gtk////
A D/suse_libc5////
A D/suse_libjpeg////
A D/suse_libpng////
A D/suse_libtiff////
A D/suse_linux////
A D/suse_openmotif////
A D/suse_slang////
A D/suse_vmware////
A D/suse_x11////
A D/suse_xforms////
A D/uips////
A D/vmware////
A D/vmware-module////
A D/vmware-module3////
A D/vmware3////
A D/wine-current////
A D/winelib////
A D/xmame////
A D/xmess////
R D/xmess////
R D/xmame////
R D/winelib////
R D/wine-current////
R D/vmware3////
R D/vmware-module3////
R D/vmware-module////
R D/vmware////
R D/uips////
R D/suse_xforms////
R D/suse_x11////
R D/suse_vmware////
R D/suse_slang////
R D/suse_openmotif////
R D/suse_linux////
R D/suse_libtiff////
R D/suse_libpng////
R D/suse_libjpeg////
R D/suse_libc5////
R D/suse_gtk////
R D/suse_glx////
R D/suse_freetype2////
R D/suse_fileutils////
R D/suse_devel////
R D/suse_compat////
R D/suse_base////
R D/suse_audio////
R D/suse91_x11////
R D/suse91_vmware////
R D/suse91_slang////
R D/suse91_openmotif////
R D/suse91_locale////
R D/suse91_linux////
R D/suse91_libtiff////
R D/suse91_libpng////
R D/suse91_libjpeg////
R D/suse91_gtk2////
R D/suse91_gtk////
R D/suse91_glx////
R D/suse91_gdk-pixbuf////
R D/suse91_freetype2////
R D/suse91_fontconfig////
R D/suse91_expat////
R D/suse91_compat////
R D/suse91_base////
R D/suse91_aspell////
R D/suse91_32_x11////
R D/suse91_32_vmware////
R D/suse91_32_slang////
R D/suse91_32_openmotif////
R D/suse91_32_locale////
R D/suse91_32_libtiff////
R D/suse91_32_libpng////
R D/suse91_32_libjpeg////
R D/suse91_32_gtk2////
R D/suse91_32_gtk////
R D/suse91_32_glx////
R D/suse91_32_gdk-pixbuf////
R D/suse91_32_freetype2////
R D/suse91_32_fontconfig////
R D/suse91_32_expat////
R D/suse91_32_compat////
R D/suse91_32_base////
R D/suse91_32_aspell////
R D/suse64_xforms////
R D/suse64_x11////
R D/suse64_vmware////
R D/suse64_linux////
R D/suse64_libpng////
R D/suse64_libjpeg////
R D/suse64_libc5////
R D/suse64_gtk////
R D/suse64_glx////
R D/suse64_devel////
R D/suse64_compat////
R D/suse64_base////
R D/suse64_audio////
R D/suse121_libsqlite3////
R D/suse113_x11////
R D/suse113_vmware////
R D/suse113_slang////
R D/suse113_qt4////
R D/suse113_openssl////
R D/suse113_openmotif////
R D/suse113_locale////
R D/suse113_linux////
R D/suse113_libxml2////
R D/suse113_libtiff////
R D/suse113_libsigc++2////
R D/suse113_libpng////
R D/suse113_libjpeg////
R D/suse113_libdrm////
R D/suse113_libcurl////
R D/suse113_libcups////
R D/suse113_krb5////
R D/suse113_gtk2////
R D/suse113_glx////
R D/suse113_freetype2////
R D/suse113_fontconfig////
R D/suse113_expat////
R D/suse113_compat////
R D/suse113_base////
R D/suse113_aspell////
R D/suse113_alsa////
R D/suse113_32_x11////
R D/suse113_32_vmware////
R D/suse113_32_slang////
R D/suse113_32_qt4////
R D/suse113_32_openssl////
R D/suse113_32_openmotif////
R D/suse113_32_locale////
R D/suse113_32_libxml2////
R D/suse113_32_libtiff////
R D/suse113_32_libsigc++2////
R D/suse113_32_libpng////
R D/suse113_32_libjpeg////
R D/suse113_32_libdrm////
R D/suse113_32_libcurl////
R D/suse113_32_libcups////
R D/suse113_32_krb5////
R D/suse113_32_gtk2////
R D/suse113_32_glx////
R D/suse113_32_freetype2////
R D/suse113_32_fontconfig////
R D/suse113_32_expat////
R D/suse113_32_compat////
R D/suse113_32_base////
R D/suse113_32_aspell////
R D/suse113_32_alsa////
R D/suse113////
R D/suse100_vmware////
R D/suse100_qt3////
R D/suse100_gtk////
R D/suse100_gdk-pixbuf////
R D/suse100_32_vmware////
R D/suse100_32_qt3////
R D/suse100_32_gtk////
R D/suse100_32_gdk-pixbuf////
R D/stella-sdl////
R D/ski-bin////
R D/sdlmess////
R D/sdlmame////
R D/sap////
R D/rewind////
R D/plex86////
R D/pkg////
R D/peace////
R D/netbsd32_compat14////
R D/mips64emul////
R D/linuxppc_lib////
R D/linux_lib////
R D/linux_SuSE////
R D/linux-locale////
R D/emutos////
R D/doscmd////
R D/compat14-crypto////
R D/compat11////
