A D/6to4////
A D/Transmission////
A D/Transmission-gui////
A D/agqt////
A D/altq////
A D/ap-utils////
A D/archie////
A D/arla////
A D/beroftpd////
A D/bind4////
A D/bind8////
A D/bind9////
A D/bind9-current////
A D/bind95////
A D/bind96////
A D/bind97////
A D/bind98////
A D/bitchx////
A D/boinc3-coreclient////
A D/boinc3-libs////
A D/boinc3-seti////
A D/cmu-dhcp////
A D/coda5_client////
A D/coda5_server////
A D/coda_client////
A D/coda_doc////
A D/coda_intro////
A D/coda_server////
A D/ctorrent////
A D/curl////
A D/dc_gui////
A D/dip////
A D/eggdrop////
A D/ekiga-devel////
A D/ethereal////
A D/firewalk-gtk////
A D/flan////
A D/freewais-sf////
A D/gaim////
A D/gcap////
A D/gftp////
A D/gftp-gtk1////
A D/gkrellm-ping////
A D/gkrellm1-snmp////
A D/gkrellm1-wireless////
A D/gnapster////
A D/gnome-vfs-dns-sd////
A D/gnome-vfs2-smb////
A D/gnomeicu////
A D/gnubile////
A D/gnut////
A D/grake////
A D/gst-plugins0.10-libnice////
A D/gtksamba////
A D/gtm////
A D/gupnp-vala////
A D/hobbitclient////
A D/hobbitmon////
A D/icb////
A D/icqlib////
A D/ip6_int////
A D/ipa////
A D/ircII////
A D/ircu////
A D/irrtoolset-nox11////
A D/isc-dhclient////
A D/isc-dhcp////
A D/isc-dhcpd////
A D/isc-dhcrelay////
A D/ish////
A D/ispman////
A D/ja-samba////
A D/kdenetwork////
A D/kdenetwork2////
A D/kdenetwork4////
A D/kdnssd////
A D/kenosis////
A D/kicq////
A D/kmap////
A D/ktorrent3////
A D/kxicq////
A D/libirc////
A D/libnet////
A D/libsoup////
A D/libsoup-devel////
A D/lmule////
A D/lukemftp////
A D/lukemftpd////
A D/micq////
A D/mtr-gtk////
A D/nagios-imagepak-base////
A D/ncftp2////
A D/neat////
A D/net-snmp-current////
A D/netatalk////
A D/netatalk-asun////
A D/netatalk-umich////
A D/netatalk1////
A D/netbsd-tap////
A D/netperf////
A D/netsaint-base////
A D/netsaint-plugin-cluster////
A D/netsaint-plugin-snmp////
A D/netsaint-plugins////
A D/nettest////
A D/nmapfe////
A D/nsca////
A D/ntop1////
A D/ntop2////
A D/openafs////
A D/openvpn-current////
A D/p5-DBD-Google////
A D/p5-INET6////
A D/p5-Net-CUPS////
A D/p5-Net-Coro////
A D/p5-Net-IRC////
A D/p5-Net-Jabber////
A D/p5-Net-LDAP////
A D/p5-Net-Rendezvous////
A D/p5-Net-Z3950////
A D/p5-SNMP////
A D/p5-SOAP-Transport-TCP////
A D/p5-Wais////
A D/p5-ispman////
A D/pear-DIME////
A D/php-yp////
A D/php3-snmp////
A D/php4-ftp////
A D/php4-snmp////
A D/php4-sockets////
A D/php4-yp////
A D/php5-soap////
A D/pkg////
A D/powerdns-sqlite////
A D/powerdns-sqlite3////
A D/ppp////
A D/ppp-lzs////
A D/ppp-mppe////
A D/pscan////
A D/pureftpd////
A D/py-METAR////
A D/py-mimelib////
A D/py-xmlrpclib////
A D/pyslsk////
A D/quagga-devel////
A D/ra-pna-proxy////
A D/radius////
A D/rdesktop10////
A D/ripe-whois////
A D/ripe-whois-tools////
A D/ruby-drb////
A D/ruby-tweetstream////
A D/ruby-xmlrpc4r////
A D/rumba////
A D/s3cmd////
A D/samba2////
A D/samba20////
A D/samba30////
A D/samba33////
A D/scotty////
A D/sftp////
A D/sirc////
A D/skype////
A D/skype1////
A D/skype21////
A D/smb2www////
A D/snort-contrib////
A D/snort-mysql////
A D/snort-pgsql////
A D/snort-prelude////
A D/soup////
A D/speakfreely////
A D/speakfreely-crypto////
A D/synergy1.2////
A D/tkicb////
A D/tkirc////
A D/ttcp////
A D/ucd-snmp////
A D/ucd-snmp-current////
A D/umph////
A D/unison-devel////
A D/vncviewer4////
A D/wu-ftpd-vr////
A D/xarchie////
A D/xchat////
A D/xmule////
A D/xspeakfree////
A D/yougrabber////
A D/ytalk-x11////
A D/zebra////
A D/zenicb////
A D/zephyr////
A D/zircon////
R D/zircon////
R D/zephyr////
R D/zenicb////
R D/zebra////
R D/ytalk-x11////
R D/yougrabber////
R D/xspeakfree////
R D/xmule////
R D/xchat////
R D/xarchie////
R D/wu-ftpd-vr////
R D/vncviewer4////
R D/unison-devel////
R D/umph////
R D/ucd-snmp-current////
R D/ucd-snmp////
R D/ttcp////
R D/tkirc////
R D/tkicb////
R D/synergy1.2////
R D/speakfreely-crypto////
R D/speakfreely////
R D/soup////
R D/snort-prelude////
R D/snort-pgsql////
R D/snort-mysql////
R D/snort-contrib////
R D/smb2www////
R D/skype21////
R D/skype1////
R D/skype////
R D/sirc////
R D/sftp////
R D/scotty////
R D/samba33////
R D/samba30////
R D/samba20////
R D/samba2////
R D/s3cmd////
R D/rumba////
R D/ruby-xmlrpc4r////
R D/ruby-tweetstream////
R D/ruby-drb////
R D/ripe-whois-tools////
R D/ripe-whois////
R D/rdesktop10////
R D/radius////
R D/ra-pna-proxy////
R D/quagga-devel////
R D/pyslsk////
R D/py-xmlrpclib////
R D/py-mimelib////
R D/py-METAR////
R D/pureftpd////
R D/pscan////
R D/ppp-mppe////
R D/ppp-lzs////
R D/ppp////
R D/powerdns-sqlite3////
R D/powerdns-sqlite////
R D/pkg////
R D/php5-soap////
R D/php4-yp////
R D/php4-sockets////
R D/php4-snmp////
R D/php4-ftp////
R D/php3-snmp////
R D/php-yp////
R D/pear-DIME////
R D/p5-ispman////
R D/p5-Wais////
R D/p5-SOAP-Transport-TCP////
R D/p5-SNMP////
R D/p5-Net-Z3950////
R D/p5-Net-Rendezvous////
R D/p5-Net-LDAP////
R D/p5-Net-Jabber////
R D/p5-Net-IRC////
R D/p5-Net-Coro////
R D/p5-Net-CUPS////
R D/p5-INET6////
R D/p5-DBD-Google////
R D/openvpn-current////
R D/openafs////
R D/ntop2////
R D/ntop1////
R D/nsca////
R D/nmapfe////
R D/nettest////
R D/netsaint-plugins////
R D/netsaint-plugin-snmp////
R D/netsaint-plugin-cluster////
R D/netsaint-base////
R D/netperf////
R D/netbsd-tap////
R D/netatalk1////
R D/netatalk-umich////
R D/netatalk-asun////
R D/netatalk////
R D/net-snmp-current////
R D/neat////
R D/ncftp2////
R D/nagios-imagepak-base////
R D/mtr-gtk////
R D/micq////
R D/lukemftpd////
R D/lukemftp////
R D/lmule////
R D/libsoup-devel////
R D/libsoup////
R D/libnet////
R D/libirc////
R D/kxicq////
R D/ktorrent3////
R D/kmap////
R D/kicq////
R D/kenosis////
R D/kdnssd////
R D/kdenetwork4////
R D/kdenetwork2////
R D/kdenetwork////
R D/ja-samba////
R D/ispman////
R D/ish////
R D/isc-dhcrelay////
R D/isc-dhcpd////
R D/isc-dhcp////
R D/isc-dhclient////
R D/irrtoolset-nox11////
R D/ircu////
R D/ircII////
R D/ipa////
R D/ip6_int////
R D/icqlib////
R D/icb////
R D/hobbitmon////
R D/hobbitclient////
R D/gupnp-vala////
R D/gtm////
R D/gtksamba////
R D/gst-plugins0.10-libnice////
R D/grake////
R D/gnut////
R D/gnubile////
R D/gnomeicu////
R D/gnome-vfs2-smb////
R D/gnome-vfs-dns-sd////
R D/gnapster////
R D/gkrellm1-wireless////
R D/gkrellm1-snmp////
R D/gkrellm-ping////
R D/gftp-gtk1////
R D/gftp////
R D/gcap////
R D/gaim////
R D/freewais-sf////
R D/flan////
R D/firewalk-gtk////
R D/ethereal////
R D/ekiga-devel////
R D/eggdrop////
R D/dip////
R D/dc_gui////
R D/curl////
R D/ctorrent////
R D/coda_server////
R D/coda_intro////
R D/coda_doc////
R D/coda_client////
R D/coda5_server////
R D/coda5_client////
R D/cmu-dhcp////
R D/boinc3-seti////
R D/boinc3-libs////
R D/boinc3-coreclient////
R D/bitchx////
R D/bind98////
R D/bind97////
R D/bind96////
R D/bind95////
R D/bind9-current////
R D/bind9////
R D/bind8////
R D/bind4////
R D/beroftpd////
R D/arla////
R D/archie////
R D/ap-utils////
R D/altq////
R D/agqt////
R D/Transmission-gui////
R D/Transmission////
R D/6to4////
