A D/XFree86-dirs////
A D/XFree86-docs////
A D/XFree86-man////
A D/amanda////
A D/amanda-client////
A D/amanda-common////
A D/amanda-server////
A D/bidwatcher////
A D/blackbook////
A D/cal////
A D/cardboard-schedule////
A D/cdialog////
A D/celestia-gnome////
A D/celestia-gtk////
A D/celestia-kde////
A D/dictd////
A D/dnetc////
A D/drwright////
A D/dsbr100////
A D/emma////
A D/fooseti////
A D/freewnn-common////
A D/gettext////
A D/git////
A D/gkrellm1-moon////
A D/gkrellm1-weather////
A D/gkrellm2-flynn////
A D/glabels////
A D/gnofin////
A D/gnome-dirs////
A D/gnome-pim////
A D/gnome1-dirs////
A D/gnome2-dirs////
A D/gnome2-user-docs////
A D/gnome2-utils////
A D/gnucash////
A D/goffice////
A D/goffice0.2////
A D/goffice0.5////
A D/gpsd////
A D/gpsdrive////
A D/gst-plugins////
A D/gstreamer////
A D/gxmame////
A D/hitchhiker////
A D/ical////
A D/jitterbug////
A D/kde3-dirs////
A D/kde4-dirs////
A D/kdeaccessibility4////
A D/kdeaddons2////
A D/kdeadmin2////
A D/kdeadmin4////
A D/kdeartwork2////
A D/kdeedu4////
A D/kdepim2////
A D/kdeutils////
A D/kdeutils2////
A D/kdeutils4////
A D/kmemaid////
A D/kodos////
A D/koffice-devel////
A D/koffice-i18n-af////
A D/koffice-i18n-bg////
A D/koffice-i18n-br////
A D/koffice-i18n-ca////
A D/koffice-i18n-cs////
A D/koffice-i18n-cy////
A D/koffice-i18n-da////
A D/koffice-i18n-de////
A D/koffice-i18n-el////
A D/koffice-i18n-en_GB////
A D/koffice-i18n-eo////
A D/koffice-i18n-es////
A D/koffice-i18n-et////
A D/koffice-i18n-fa////
A D/koffice-i18n-fi////
A D/koffice-i18n-fr////
A D/koffice-i18n-he////
A D/koffice-i18n-hsb////
A D/koffice-i18n-hu////
A D/koffice-i18n-it////
A D/koffice-i18n-ja////
A D/koffice-i18n-lo////
A D/koffice-i18n-mt////
A D/koffice-i18n-nb////
A D/koffice-i18n-nl////
A D/koffice-i18n-nn////
A D/koffice-i18n-pl////
A D/koffice-i18n-pt////
A D/koffice-i18n-pt_BR////
A D/koffice-i18n-ru////
A D/koffice-i18n-se////
A D/koffice-i18n-sk////
A D/koffice-i18n-sl////
A D/koffice-i18n-sr////
A D/koffice-i18n-sv////
A D/koffice-i18n-tg////
A D/koffice-i18n-th////
A D/koffice-i18n-tr////
A D/koffice-i18n-ven////
A D/koffice-i18n-xh////
A D/koffice-i18n-zh_CN////
A D/koffice-i18n-zh_TW////
A D/koffice-i18n-zu////
A D/koffice11////
A D/koffice3////
A D/kseg////
A D/ktail////
A D/libdvdcss////
A D/libdvdplay////
A D/libdvdread////
A D/libreoffice////
A D/libreoffice3-bin////
A D/linuxls////
A D/m17n-contrib////
A D/magicpoint////
A D/mc////
A D/nepomuk-core////
A D/nepomuk-widgets////
A D/ooqstart////
A D/openoffice////
A D/openoffice-bin////
A D/openoffice-linux////
A D/openoffice2////
A D/openoffice2-bin////
A D/openoffice3-bin////
A D/oto////
A D/p5-Geo-Coordinates-UTM////
A D/p5-Geo-Mercator////
A D/p5-Geo-Weather////
A D/p5-Geography-Countries////
A D/p5-I18N-LangTags////
A D/p5-Lingua-EN-Numbers-Ordinate////
A D/p5-Lingua-Preferred////
A D/p5-Scalar-List-Utils////
A D/par////
A D/php-calendar////
A D/php-intl////
A D/php-mbstring////
A D/php4-calendar////
A D/php4-mbstring////
A D/pkg////
A D/plan////
A D/proj////
A D/proj-doc////
A D/py-Tk////
A D/py-anki////
A D/py-libanki////
A D/py-mxDateTime////
A D/py-readline////
A D/pyqt_memaid////
A D/quicklist////
A D/remind////
A D/ruby-sprockets20////
A D/ruby-sprockets21////
A D/sc////
A D/setiathome////
A D/staroffice////
A D/tclticker////
A D/theme-dirs////
A D/tkcron////
A D/tkinfo////
A D/tkman////
A D/unclutter////
A D/xdg-dirs////
A D/xdg-x11-dirs////
A D/xfinans////
A D/xgas////
A D/xinvest////
A D/xless////
A D/xorg-dirs////
A D/xpns////
A D/xtide////
A D/xtimer////
R D/xtimer////
R D/xtide////
R D/xpns////
R D/xorg-dirs////
R D/xless////
R D/xinvest////
R D/xgas////
R D/xfinans////
R D/xdg-x11-dirs////
R D/xdg-dirs////
R D/unclutter////
R D/tkman////
R D/tkinfo////
R D/tkcron////
R D/theme-dirs////
R D/tclticker////
R D/staroffice////
R D/setiathome////
R D/sc////
R D/ruby-sprockets21////
R D/ruby-sprockets20////
R D/remind////
R D/quicklist////
R D/pyqt_memaid////
R D/py-readline////
R D/py-mxDateTime////
R D/py-libanki////
R D/py-anki////
R D/py-Tk////
R D/proj-doc////
R D/proj////
R D/plan////
R D/pkg////
R D/php4-mbstring////
R D/php4-calendar////
R D/php-mbstring////
R D/php-intl////
R D/php-calendar////
R D/par////
R D/p5-Scalar-List-Utils////
R D/p5-Lingua-Preferred////
R D/p5-Lingua-EN-Numbers-Ordinate////
R D/p5-I18N-LangTags////
R D/p5-Geography-Countries////
R D/p5-Geo-Weather////
R D/p5-Geo-Mercator////
R D/p5-Geo-Coordinates-UTM////
R D/oto////
R D/openoffice3-bin////
R D/openoffice2-bin////
R D/openoffice2////
R D/openoffice-linux////
R D/openoffice-bin////
R D/openoffice////
R D/ooqstart////
R D/nepomuk-widgets////
R D/nepomuk-core////
R D/mc////
R D/magicpoint////
R D/m17n-contrib////
R D/linuxls////
R D/libreoffice3-bin////
R D/libreoffice////
R D/libdvdread////
R D/libdvdplay////
R D/libdvdcss////
R D/ktail////
R D/kseg////
R D/koffice3////
R D/koffice11////
R D/koffice-i18n-zu////
R D/koffice-i18n-zh_TW////
R D/koffice-i18n-zh_CN////
R D/koffice-i18n-xh////
R D/koffice-i18n-ven////
R D/koffice-i18n-tr////
R D/koffice-i18n-th////
R D/koffice-i18n-tg////
R D/koffice-i18n-sv////
R D/koffice-i18n-sr////
R D/koffice-i18n-sl////
R D/koffice-i18n-sk////
R D/koffice-i18n-se////
R D/koffice-i18n-ru////
R D/koffice-i18n-pt_BR////
R D/koffice-i18n-pt////
R D/koffice-i18n-pl////
R D/koffice-i18n-nn////
R D/koffice-i18n-nl////
R D/koffice-i18n-nb////
R D/koffice-i18n-mt////
R D/koffice-i18n-lo////
R D/koffice-i18n-ja////
R D/koffice-i18n-it////
R D/koffice-i18n-hu////
R D/koffice-i18n-hsb////
R D/koffice-i18n-he////
R D/koffice-i18n-fr////
R D/koffice-i18n-fi////
R D/koffice-i18n-fa////
R D/koffice-i18n-et////
R D/koffice-i18n-es////
R D/koffice-i18n-eo////
R D/koffice-i18n-en_GB////
R D/koffice-i18n-el////
R D/koffice-i18n-de////
R D/koffice-i18n-da////
R D/koffice-i18n-cy////
R D/koffice-i18n-cs////
R D/koffice-i18n-ca////
R D/koffice-i18n-br////
R D/koffice-i18n-bg////
R D/koffice-i18n-af////
R D/koffice-devel////
R D/kodos////
R D/kmemaid////
R D/kdeutils4////
R D/kdeutils2////
R D/kdeutils////
R D/kdepim2////
R D/kdeedu4////
R D/kdeartwork2////
R D/kdeadmin4////
R D/kdeadmin2////
R D/kdeaddons2////
R D/kdeaccessibility4////
R D/kde4-dirs////
R D/kde3-dirs////
R D/jitterbug////
R D/ical////
R D/hitchhiker////
R D/gxmame////
R D/gstreamer////
R D/gst-plugins////
R D/gpsdrive////
R D/gpsd////
R D/goffice0.5////
R D/goffice0.2////
R D/goffice////
R D/gnucash////
R D/gnome2-utils////
R D/gnome2-user-docs////
R D/gnome2-dirs////
R D/gnome1-dirs////
R D/gnome-pim////
R D/gnome-dirs////
R D/gnofin////
R D/glabels////
R D/gkrellm2-flynn////
R D/gkrellm1-weather////
R D/gkrellm1-moon////
R D/git////
R D/gettext////
R D/freewnn-common////
R D/fooseti////
R D/emma////
R D/dsbr100////
R D/drwright////
R D/dnetc////
R D/dictd////
R D/celestia-kde////
R D/celestia-gtk////
R D/celestia-gnome////
R D/cdialog////
R D/cardboard-schedule////
R D/cal////
R D/blackbook////
R D/bidwatcher////
R D/amanda-server////
R D/amanda-common////
R D/amanda-client////
R D/amanda////
R D/XFree86-man////
R D/XFree86-docs////
R D/XFree86-dirs////
