A D/XML-Parser-Lite-Tree////
A D/aspell-breton////
A D/aspell-catalan////
A D/aspell-czech////
A D/aspell-danish////
A D/aspell-dutch////
A D/aspell-english////
A D/aspell-esperanto////
A D/aspell-faroese////
A D/aspell-francais////
A D/aspell-gaeilge////
A D/aspell-german////
A D/aspell-greek////
A D/aspell-italian////
A D/aspell-norwegian////
A D/aspell-polish////
A D/aspell-portuguese////
A D/aspell-pt////
A D/aspell-romanian////
A D/aspell-russian////
A D/aspell-slovak////
A D/aspell-spanish////
A D/aspell-svenska////
A D/aspell-ukrainian////
A D/aspell-welsh////
A D/astyle////
A D/bgrep////
A D/bsdgrep////
A D/dvipng////
A D/eperl////
A D/files////
A D/gawk////
A D/gocr////
A D/ispell-base////
A D/ispell-british////
A D/ispell-catalan////
A D/ispell-francais////
A D/ispell-gaeilge////
A D/ispell-german////
A D/ispell-polski////
A D/ispell-romanian////
A D/ispell-russian////
A D/ispell-russian-io////
A D/ispell-slovak////
A D/ispell-spanish////
A D/ispell-svenska////
A D/jade////
A D/libpathan////
A D/libpspell////
A D/libxml++2////
A D/mecab-base09////
A D/mminstance////
A D/mswordview////
A D/namazu1////
A D/namazu2////
A D/nbgrep////
A D/p5-PDF-API2-Simple////
A D/p5-String-Random////
A D/p5-Text-CVS_XS////
A D/p5-XML-LibXML-Common////
A D/p5-XML-LibXML-XPathContext////
A D/p5-XML-Xerces////
A D/p5-XML-YAWriter////
A D/p5-libxml-enno////
A D/patches////
A D/php4-domxml////
A D/php4-sablot////
A D/php4-wddx////
A D/php4-xml////
A D/php4-xslt////
A D/php5-dom////
A D/php5-xsl////
A D/pkg////
A D/py-4suite////
A D/py-FourSuite////
A D/py-Lupy////
A D/py-Reverend////
A D/py-SimpleParse////
A D/py-csv////
A D/py-dtml////
A D/py-ftfy////
A D/py-gdick////
A D/py-jinja////
A D/py-xmltools////
A D/pyDict////
A D/pyxml////
A D/rtcutil////
A D/ruby-erb////
A D/ruby-json-utils////
A D/ruby-psych////
A D/ruby-rdoc////
A D/ruby-rexml////
A D/ruby-syck////
A D/ruby-xmlscan////
A D/ruby18-libxml////
A D/scrollkeeper////
A D/sp////
A D/t1lib////
A D/t1libx////
A D/t1utils////
A D/tcldom////
A D/tclxml////
A D/ted////
A D/ted-cs////
A D/ted-da////
A D/ted-de////
A D/ted-en-gb////
A D/ted-en-us////
A D/ted-es////
A D/ted-fr////
A D/ted-it////
A D/ted-nl////
A D/ted-no////
A D/ted-pt////
A D/ted-sv////
A D/teixsl-fo////
A D/teixsl-html////
A D/tex-bin-xmltex////
A D/tex2page////
A D/textutils////
A D/xalan-c////
A D/xerces-j-current////
A D/xerces-p////
A D/xlhtml////
A D/xml-i18n-tools////
R D/xml-i18n-tools////
R D/xlhtml////
R D/xerces-p////
R D/xerces-j-current////
R D/xalan-c////
R D/textutils////
R D/tex2page////
R D/tex-bin-xmltex////
R D/teixsl-html////
R D/teixsl-fo////
R D/ted-sv////
R D/ted-pt////
R D/ted-no////
R D/ted-nl////
R D/ted-it////
R D/ted-fr////
R D/ted-es////
R D/ted-en-us////
R D/ted-en-gb////
R D/ted-de////
R D/ted-da////
R D/ted-cs////
R D/ted////
R D/tclxml////
R D/tcldom////
R D/t1utils////
R D/t1libx////
R D/t1lib////
R D/sp////
R D/scrollkeeper////
R D/ruby18-libxml////
R D/ruby-xmlscan////
R D/ruby-syck////
R D/ruby-rexml////
R D/ruby-rdoc////
R D/ruby-psych////
R D/ruby-json-utils////
R D/ruby-erb////
R D/rtcutil////
R D/pyxml////
R D/pyDict////
R D/py-xmltools////
R D/py-jinja////
R D/py-gdick////
R D/py-ftfy////
R D/py-dtml////
R D/py-csv////
R D/py-SimpleParse////
R D/py-Reverend////
R D/py-Lupy////
R D/py-FourSuite////
R D/py-4suite////
R D/pkg////
R D/php5-xsl////
R D/php5-dom////
R D/php4-xslt////
R D/php4-xml////
R D/php4-wddx////
R D/php4-sablot////
R D/php4-domxml////
R D/patches////
R D/p5-libxml-enno////
R D/p5-XML-YAWriter////
R D/p5-XML-Xerces////
R D/p5-XML-LibXML-XPathContext////
R D/p5-XML-LibXML-Common////
R D/p5-Text-CVS_XS////
R D/p5-String-Random////
R D/p5-PDF-API2-Simple////
R D/nbgrep////
R D/namazu2////
R D/namazu1////
R D/mswordview////
R D/mminstance////
R D/mecab-base09////
R D/libxml++2////
R D/libpspell////
R D/libpathan////
R D/jade////
R D/ispell-svenska////
R D/ispell-spanish////
R D/ispell-slovak////
R D/ispell-russian-io////
R D/ispell-russian////
R D/ispell-romanian////
R D/ispell-polski////
R D/ispell-german////
R D/ispell-gaeilge////
R D/ispell-francais////
R D/ispell-catalan////
R D/ispell-british////
R D/ispell-base////
R D/gocr////
R D/gawk////
R D/files////
R D/eperl////
R D/dvipng////
R D/bsdgrep////
R D/bgrep////
R D/astyle////
R D/aspell-welsh////
R D/aspell-ukrainian////
R D/aspell-svenska////
R D/aspell-spanish////
R D/aspell-slovak////
R D/aspell-russian////
R D/aspell-romanian////
R D/aspell-pt////
R D/aspell-portuguese////
R D/aspell-polish////
R D/aspell-norwegian////
R D/aspell-italian////
R D/aspell-greek////
R D/aspell-german////
R D/aspell-gaeilge////
R D/aspell-francais////
R D/aspell-faroese////
R D/aspell-esperanto////
R D/aspell-english////
R D/aspell-dutch////
R D/aspell-danish////
R D/aspell-czech////
R D/aspell-catalan////
R D/aspell-breton////
R D/XML-Parser-Lite-Tree////
