A D/afterstep1////
A D/aquaified////
A D/ascp////
A D/bbconf////
A D/bbkeys-qt////
A D/econf////
A D/fvwm2////
A D/fvwm2-current////
A D/fvwm2-themes////
A D/fvwm95////
A D/gnome-compiz-manager////
A D/icecc////
A D/icepref////
A D/icewm-gnome////
A D/ion////
A D/ion-devel////
A D/ion3-devel////
A D/matchbox////
A D/menu2wm////
A D/metacity-setup////
A D/metisse////
A D/openbox2////
A D/openbox3////
A D/pkg////
A D/qvwm////
A D/sawfish-replibs////
A D/sawfish-themes////
A D/scrotwm////
A D/scwm////
A D/whiteBOX////
A D/wmdrawer////
A D/wmthemes////
A D/wmx-current////
A D/wmx-gnome-current////
R D/wmx-gnome-current////
R D/wmx-current////
R D/wmthemes////
R D/wmdrawer////
R D/whiteBOX////
R D/scwm////
R D/scrotwm////
R D/sawfish-themes////
R D/sawfish-replibs////
R D/qvwm////
R D/pkg////
R D/openbox3////
R D/openbox2////
R D/metisse////
R D/metacity-setup////
R D/menu2wm////
R D/matchbox////
R D/ion3-devel////
R D/ion-devel////
R D/ion////
R D/icewm-gnome////
R D/icepref////
R D/icecc////
R D/gnome-compiz-manager////
R D/fvwm95////
R D/fvwm2-themes////
R D/fvwm2-current////
R D/fvwm2////
R D/econf////
R D/bbkeys-qt////
R D/bbconf////
R D/ascp////
R D/aquaified////
R D/afterstep1////
